
[2026-03-13T09:17:25.870Z] FOOD ENTRY: "Scrambled egg" from 27837787970

[2026-03-13T09:17:49.417Z] FOOD ENTRY: "Scrambled egg" from 27837787970

[2026-03-13T09:23:14.798Z] FOOD ENTRY: "Scrambled egg" from 27837787970

[2026-03-13T09:23:22.241Z] FOOD ENTRY: "Salmon bagel" from 27823042932

[2026-03-13T09:25:32.549Z] FOOD ENTRY: "Scrambled egg" from 27837787970

[2026-03-13T09:25:40.222Z] FOOD ENTRY: "Scrambled egg" from 27837787970

[2026-03-13T09:25:53.759Z] FOOD ENTRY: "Scrambled egg" from 27837787970

[2026-03-13T09:26:10.767Z] FOOD ENTRY: "Scrambled egg" from 27837787970

[2026-03-13T09:29:09.073Z] FOOD ENTRY: "Scrambled egg" from 27837787970

[2026-03-13T09:29:30.251Z] FOOD ENTRY: "2 scrambled eggs" from 27837787970

[2026-03-13T10:00:28.987Z] FOOD ENTRY: "300 coke" from 27731662352

[2026-03-13T10:04:01.869Z] FOOD ENTRY: "3 Eggs 
2 Slices Sourdough Toast 
Table spoon fat free cottage cheese 
Tea spoon reduced mayonnaise 
10 cherry tomatoes 
Handful of spinach" from 27824483126

[2026-03-13T10:07:46.897Z] FOOD ENTRY: "2 slices of bread" from 27731662352

[2026-03-13T11:33:34.192Z] FOOD ENTRY: "Plate of pasta and mince" from 27731662352

[2026-03-13T12:21:50.710Z] FOOD ENTRY: "200g lasagne" from 972539523354

[2026-03-13T12:22:00.181Z] FOOD ENTRY: "Small Lentil salad with tahina" from 972539523354

[2026-03-13T12:22:54.266Z] FOOD ENTRY: "Cortado" from 972539523354

[2026-03-13T12:59:31.829Z] FOOD ENTRY: "15 hamburgers" from 27837787970

[2026-03-13T13:06:53.999Z] FOOD ENTRY: "Apple
Water" from 27837861590

[2026-03-13T13:06:59.526Z] FOOD ENTRY: "Freezo" from 27837861590

[2026-03-13T13:09:17.565Z] FOOD ENTRY: "Freezing" from 27837787970

[2026-03-13T13:09:24.441Z] FOOD ENTRY: "Freezochino" from 27837787970

[2026-03-13T13:24:53.911Z] FOOD ENTRY: "Today:
- breakfast: 2x large eggs on toast (no butter on toast)
- ⁠2 homemade rusks
- ⁠small portion chicken à la king and brown rice 
- ⁠1 square Cadbury whole nut chocolate 
- ⁠supper still to come" from 27824467069

[2026-03-13T13:26:09.833Z] FOOD ENTRY: "You didn’t count the lunch and snacks 

Today:
- breakfast: 2x large eggs on toast (no butter on toast)
- ⁠2 homemade rusks
- ⁠small portion chicken à la king and brown rice 
- ⁠1 square Cadbury whole nut chocolate 
- ⁠supper still to come" from 27824467069

[2026-03-13T13:27:19.388Z] FOOD ENTRY: "1 x cortado" from 972539523354

[2026-03-13T14:09:21.061Z] FOOD ENTRY: "Coffe with 3 sugars and 50ml milk" from 27824181438

[2026-03-13T15:38:52.877Z] FOOD ENTRY: "X3 wheatbix 
Cup of milk" from 27847775007

[2026-03-13T16:10:30.574Z] FOOD ENTRY: "4 salmon roses sushi but I took off the mayo" from 27721119984

[2026-03-13T16:11:06.054Z] FOOD ENTRY: "6 rainbow rolls with mayo" from 27721119984

[2026-03-13T16:11:15.356Z] FOOD ENTRY: "1 plum" from 27721119984

[2026-03-13T16:11:26.197Z] FOOD ENTRY: "1 oat milk quartardo" from 27721119984

[2026-03-13T16:12:02.989Z] FOOD ENTRY: "1 spinach and cream cheese dim sum" from 27721119984

[2026-03-13T16:12:03.069Z] FOOD ENTRY: "Chickpea curry" from 27837787970

[2026-03-13T16:12:40.948Z] FOOD ENTRY: "Half portion of beef tataki" from 27721119984

[2026-03-13T16:12:51.221Z] FOOD ENTRY: "cancel_log" from 27832899932

[2026-03-13T16:13:24.707Z] FOOD ENTRY: "Chicken schnitzel
Roast potatoes
Vegetables" from 27832899932

[2026-03-13T16:19:22.290Z] FOOD ENTRY: "1 beer" from 27731662352

[2026-03-13T17:04:08.178Z] FOOD ENTRY: "Salted caramel smoothie from Kauai" from 27835961782

[2026-03-13T17:05:21.212Z] FOOD ENTRY: "Lunch
Amala and Nigerian stew with beef" from 27835961782

[2026-03-13T18:00:31.402Z] FOOD ENTRY: "Pumpkin based pizza" from 972539523354

[2026-03-13T18:01:21.438Z] FOOD ENTRY: "Andiccio pumpkin based pizza" from 972539523354

[2026-03-13T18:09:17.133Z] FOOD ENTRY: "Dinner today: Woolworths creamed spinach and 1x battered fish in air fryer and 1x piece of chocolate" from 27824467069

[2026-03-13T18:28:46.244Z] FOOD ENTRY: "Hake
Greek salad" from 27837861590

[2026-03-13T18:52:44.879Z] FOOD ENTRY: "I actually burned 324 cal" from 27835961782

[2026-03-13T20:01:38.198Z] FOOD ENTRY: "2 hotcross buns" from 27664990782

[2026-03-13T22:08:45.547Z] FOOD ENTRY: "3 Nutrifix with 3 spoons sugar and milk" from 27625746124

[2026-03-13T22:10:29.280Z] FOOD ENTRY: "1 slice white bread with butter and peanut butter and syrup" from 27625746124

[2026-03-13T22:11:21.450Z] FOOD ENTRY: "McDonald's beef burger with chips and 3 chicken nuggets" from 27625746124

[2026-03-13T22:12:17.397Z] FOOD ENTRY: "Do i pay anything on this WhatsApp" from 27625746124

[2026-03-13T22:12:55.201Z] FOOD ENTRY: "🗒️" from 27625746124

[2026-03-14T05:43:12.237Z] FOOD ENTRY: "Breakfast 
X3 wheat bix 

X1 glass nutritech hydrate" from 27847775007

[2026-03-14T05:47:24.935Z] FOOD ENTRY: "Nutritech hydrate" from 27847775007

[2026-03-14T05:54:32.967Z] FOOD ENTRY: "75g chocolate futurelife with 63ml low fat milk" from 27832899932

[2026-03-14T06:29:20.619Z] FOOD ENTRY: "Apple, banana, chia seeds 1tbsp, 250ml low fat milk, whey protein, half cup oats" from 27783540475

[2026-03-14T07:52:03.391Z] FOOD ENTRY: "Let’s revise the numbers. I want my total calorie intake to be 2600cal" from 27783540475

[2026-03-14T07:56:08.074Z] FOOD ENTRY: "Slice of sourdough bread, can of tuna, two boiled eggs, 1tbsp reduced fat mayo, half cup carrots and cucumber" from 27783540475

[2026-03-14T07:59:15.213Z] FOOD ENTRY: "Half cup cooked brown rice, chicken breast, green salad, 1tbsp of cottage cheese" from 27783540475

[2026-03-14T08:00:42.459Z] FOOD ENTRY: "Whey protein and 2x rice cakes" from 27783540475

[2026-03-14T08:01:42.464Z] FOOD ENTRY: "Whey protein smoothie" from 27783540475

[2026-03-14T08:02:27.698Z] FOOD ENTRY: "USN whey protein" from 27783540475

[2026-03-14T09:10:43.365Z] FOOD ENTRY: "2 Rice cakes" from 27625746124

[2026-03-14T09:11:15.785Z] FOOD ENTRY: "No the next" from 27625746124

[2026-03-14T09:11:46.372Z] FOOD ENTRY: "2 rice cakes" from 27625746124

[2026-03-14T09:12:24.431Z] FOOD ENTRY: "2 rice cakes for breakfast" from 27625746124

[2026-03-14T09:59:55.509Z] FOOD ENTRY: "3 scrambled eggs an 3 toast" from 27837787970

[2026-03-14T10:00:12.075Z] FOOD ENTRY: "Coffee" from 27837787970

[2026-03-14T10:00:57.586Z] FOOD ENTRY: "Salted vinegar chips" from 27837787970

[2026-03-14T10:35:00.423Z] FOOD ENTRY: "Magnesium drink" from 27837787970

[2026-03-14T10:48:51.837Z] FOOD ENTRY: "1 egg
Spoon of avo
Spoon of cottage cheese 
A small slice of bacon
Sourdough bread" from 27843225538

[2026-03-14T10:51:43.052Z] FOOD ENTRY: "And 1 scoop of protein shake" from 27843225538

[2026-03-14T12:30:42.838Z] FOOD ENTRY: "Lamb Beriyani" from 27843225538

[2026-03-14T12:35:39.286Z] FOOD ENTRY: "6 egg, scrambled 
Bowl of oats with milk + blueberries" from 27825633066

[2026-03-14T14:14:46.183Z] FOOD ENTRY: "Croissant with scrambled egg and 3 pieces of bacon" from 27734866538

[2026-03-14T15:02:28.227Z] FOOD ENTRY: "Lunch is 3 rice paper spring rolls with coleslaw and 3 shrimp inside each with a peanut soy sauce" from 27734866538

[2026-03-14T16:24:10.648Z] FOOD ENTRY: "Fried chicken strips 200 gm" from 27837787970

[2026-03-14T16:57:48.614Z] FOOD ENTRY: "Chickpea curry" from 27837787970

[2026-03-14T17:46:42.916Z] FOOD ENTRY: "Handful of sweet potato, mince Greek yoghurt and Avi" from 27843225538

[2026-03-14T18:00:15.444Z] FOOD ENTRY: "Raspberries" from 27837787970

[2026-03-14T18:07:18.084Z] FOOD ENTRY: "Glass of water 
3 samoosas cheese
3 chilli bites 
Bowl of vegetable soup
1 Koeksister" from 27847775007

[2026-03-14T18:27:20.376Z] FOOD ENTRY: "A slice of chocolate cake" from 27843225538
